<?xml version="1.0" encoding="UTF-8"?>
<!-- Generated by org.testng.reporters.JUnitReportReporter -->
<testsuite hostname="abhaik-ws01" name="test.NGMDM_Tabs.TestPOM" tests="1" failures="0" timestamp="16 Oct 2017 05:02:17 GMT" time="626.628" errors="0">
  <testcase name="testDeal00" time="626.628" classname="test.NGMDM_Tabs.TestPOM"/>
</testsuite> <!-- test.NGMDM_Tabs.TestPOM -->
